[2023-07-21T16:45:44.540Z] Log level: Info
[2023-07-21T16:45:44.547Z] [info] Validating found git in: git
[2023-07-21T16:45:44.587Z] [info] Using git 2.25.1 from git
[2023-07-21T16:45:44.639Z] > git rev-parse --show-toplevel [34ms]
[2023-07-21T16:45:44.651Z] > git rev-parse --git-dir --git-common-dir [1ms]
[2023-07-21T16:45:44.661Z] [info] Open repository: /config/workspace
[2023-07-21T16:45:44.679Z] > git status -z -uall [8ms]
[2023-07-21T16:45:44.688Z] > git symbolic-ref --short HEAD [2ms]
[2023-07-21T16:45:44.698Z] > git for-each-ref --format=%(refname)%00%(upstream:short)%00%(objectname)%00%(upstream:track)%00%(upstream:remotename)%00%(upstream:remoteref) refs/heads/main refs/remotes/main [2ms]
[2023-07-21T16:45:44.714Z] > git for-each-ref --sort -committerdate --format %(refname) %(objectname) %(*objectname) [8ms]
[2023-07-21T16:45:44.715Z] > git remote --verbose [2ms]
[2023-07-21T16:45:44.731Z] > git config --get commit.template [1ms]
[2023-07-21T16:45:44.743Z] > git status -z -uall [2ms]
[2023-07-21T16:45:44.752Z] > git symbolic-ref --short HEAD [1ms]
[2023-07-21T16:45:44.763Z] > git for-each-ref --format=%(refname)%00%(upstream:short)%00%(objectname)%00%(upstream:track)%00%(upstream:remotename)%00%(upstream:remoteref) refs/heads/main refs/remotes/main [4ms]
[2023-07-21T16:45:44.778Z] > git for-each-ref --sort -committerdate --format %(refname) %(objectname) %(*objectname) [7ms]
[2023-07-21T16:45:44.779Z] > git remote --verbose [2ms]
[2023-07-21T16:45:44.790Z] > git config --get commit.template [1ms]
[2023-07-21T16:45:45.659Z] > git check-ignore -v -z --stdin [1ms]
[2023-07-21T16:45:46.032Z] > git show --textconv :new_pw_eng_scrap/app.py [9ms]
[2023-07-21T16:45:46.033Z] > git ls-files --stage -- /config/workspace/new_pw_eng_scrap/app.py [2ms]
[2023-07-21T16:45:46.042Z] > git cat-file -s e7039ea9503086cf86029da2789b31999657f7ac [1ms]
[2023-07-21T16:45:46.239Z] > git log --format=%H%n%aN%n%aE%n%at%n%ct%n%P%n%D%n%B -z -n21 -- /config/workspace/new_pw_eng_scrap/app.py [3ms]
[2023-07-21T16:48:27.468Z] > git status -z -uall [3ms]
[2023-07-21T16:48:27.480Z] > git symbolic-ref --short HEAD [1ms]
[2023-07-21T16:48:27.493Z] > git for-each-ref --format=%(refname)%00%(upstream:short)%00%(objectname)%00%(upstream:track)%00%(upstream:remotename)%00%(upstream:remoteref) refs/heads/main refs/remotes/main [2ms]
[2023-07-21T16:48:27.514Z] > git for-each-ref --sort -committerdate --format %(refname) %(objectname) %(*objectname) [11ms]
[2023-07-21T16:48:27.515Z] > git remote --verbose [3ms]
[2023-07-21T16:48:27.530Z] > git config --get commit.template [1ms]
[2023-07-21T16:48:28.109Z] > git rev-list --count 8f333e50fd6301803f739c3f8029017e2c6db343.. -- /config/workspace/new_pw_eng_scrap/app.py [2ms]
[2023-07-21T16:48:28.122Z] > git log --format=%H%n%aN%n%aE%n%at%n%ct%n%P%n%D%n%B -z -n3 -- /config/workspace/new_pw_eng_scrap/app.py [3ms]
[2023-07-21T16:48:32.546Z] > git status -z -uall [2ms]
[2023-07-21T16:48:32.558Z] > git symbolic-ref --short HEAD [1ms]
[2023-07-21T16:48:32.570Z] > git for-each-ref --format=%(refname)%00%(upstream:short)%00%(objectname)%00%(upstream:track)%00%(upstream:remotename)%00%(upstream:remoteref) refs/heads/main refs/remotes/main [2ms]
[2023-07-21T16:48:32.590Z] > git for-each-ref --sort -committerdate --format %(refname) %(objectname) %(*objectname) [10ms]
[2023-07-21T16:48:32.591Z] > git remote --verbose [2ms]
[2023-07-21T16:48:32.604Z] > git config --get commit.template [1ms]
[2023-07-21T16:48:33.196Z] > git rev-list --count 8f333e50fd6301803f739c3f8029017e2c6db343.. -- /config/workspace/new_pw_eng_scrap/app.py [2ms]
[2023-07-21T16:48:33.212Z] > git log --format=%H%n%aN%n%aE%n%at%n%ct%n%P%n%D%n%B -z -n3 -- /config/workspace/new_pw_eng_scrap/app.py [3ms]
[2023-07-21T16:52:16.318Z] > git log --format=%H%n%aN%n%aE%n%at%n%ct%n%P%n%D%n%B -z -n21 -- /config/workspace/new_pw_eng_scrap/requirments.txt [3ms]
[2023-07-21T16:52:16.777Z] > git show --textconv :new_pw_eng_scrap/requirments.txt [11ms]
[2023-07-21T16:52:16.779Z] > git ls-files --stage -- /config/workspace/new_pw_eng_scrap/requirments.txt [2ms]
[2023-07-21T16:52:16.791Z] > git cat-file -s e522fb6480143c8d5a3f6b149af5d565c468259b [2ms]
[2023-07-21T16:54:10.730Z] > git log --format=%H%n%aN%n%aE%n%at%n%ct%n%P%n%D%n%B -z -n21 -- /config/workspace/app.py [4ms]
[2023-07-21T16:54:11.246Z] > git show --textconv :app.py [13ms]
[2023-07-21T16:54:11.247Z] > git ls-files --stage -- /config/workspace/app.py [1ms]
[2023-07-21T16:54:11.261Z] > git cat-file -s 27b7b920629f8f950d0ecef5fe30fe6d0d09eb0e [2ms]
[2023-07-21T16:57:08.999Z] > git log --format=%H%n%aN%n%aE%n%at%n%ct%n%P%n%D%n%B -z -n21 -- /config/workspace/new_pw_eng_scrap/scrapper.log [31ms]
[2023-07-21T16:57:09.225Z] > git ls-files --stage -- /config/workspace/new_pw_eng_scrap/scrapper.log [2ms]
[2023-07-21T16:57:09.236Z] > git cat-file -s 83666c10344dbb07ca68c7ef4bb5950f5c79c1b9 [1ms]
[2023-07-21T16:57:09.246Z] > git show --textconv :new_pw_eng_scrap/scrapper.log [33ms]
[2023-07-21T16:57:20.063Z] > git log --format=%H%n%aN%n%aE%n%at%n%ct%n%P%n%D%n%B -z -n21 -- /config/workspace/app.py [3ms]
[2023-07-21T16:57:20.505Z] > git show --textconv :app.py [12ms]
[2023-07-21T16:57:20.506Z] > git ls-files --stage -- /config/workspace/app.py [2ms]
[2023-07-21T16:57:20.519Z] > git cat-file -s 27b7b920629f8f950d0ecef5fe30fe6d0d09eb0e [1ms]
[2023-07-21T16:57:26.269Z] > git log --format=%H%n%aN%n%aE%n%at%n%ct%n%P%n%D%n%B -z -n21 -- /config/workspace/new_pw_eng_scrap/scrapper.log [4ms]
[2023-07-21T16:57:26.836Z] > git ls-files --stage -- /config/workspace/new_pw_eng_scrap/scrapper.log [2ms]
[2023-07-21T16:57:26.848Z] > git cat-file -s 83666c10344dbb07ca68c7ef4bb5950f5c79c1b9 [3ms]
[2023-07-21T16:57:26.858Z] > git show --textconv :new_pw_eng_scrap/scrapper.log [35ms]
[2023-07-21T16:57:29.160Z] > git log --format=%H%n%aN%n%aE%n%at%n%ct%n%P%n%D%n%B -z -n21 -- /config/workspace/new_pw_eng_scrap/app.py [14ms]
[2023-07-21T16:57:29.408Z] > git show --textconv :new_pw_eng_scrap/app.py [14ms]
[2023-07-21T16:57:29.410Z] > git ls-files --stage -- /config/workspace/new_pw_eng_scrap/app.py [3ms]
[2023-07-21T16:57:29.423Z] > git cat-file -s e7039ea9503086cf86029da2789b31999657f7ac [1ms]
